DEBUG:visited:https://www.foxnews.com/politics/biden-amtrak-story-fact-check-conductor-million-miles
DEBUG:visited:https://www.foxnews.com/
DEBUG:visited:https://www.foxnews.com/us
DEBUG:visited:https://www.foxnews.com/politics
DEBUG:visited:https://www.foxnews.com/media
DEBUG:visited:https://www.foxnews.com/opinion
DEBUG:visited:https://www.foxnews.com/entertainment
DEBUG:visited:https://www.foxnews.com/sports
DEBUG:visited:https://www.foxnews.com/lifestyle
DEBUG:visited:https://www.foxnews.com/shows
DEBUG:visited:https://www.foxnews.com/shows/fox-nation
DEBUG:visited:https://www.foxnews.com/category/health/infectious-disease/coronavirus
DEBUG:visited:https://www.foxnews.com/category/us/crime
DEBUG:visited:https://www.foxnews.com/category/us/military
DEBUG:visited:https://www.foxnews.com/category/us/education
DEBUG:visited:https://www.foxnews.com/category/us/terror
DEBUG:visited:https://www.foxnews.com/category/us/immigration
DEBUG:visited:https://www.foxnews.com/category/us/economy
DEBUG:visited:https://www.foxnews.com/category/us/personal-freedoms
DEBUG:visited:https://www.foxnews.com/category/news-events/fox-news-investigates
DEBUG:visited:https://www.foxnews.com/world
DEBUG:visited:https://www.foxnews.com/category/world/united-nations
DEBUG:visited:https://www.foxnews.com/category/world/conflicts
DEBUG:visited:https://www.foxnews.com/category/world/terrorism
DEBUG:visited:https://www.foxnews.com/category/world/disasters
DEBUG:visited:https://www.foxnews.com/category/world/global-economy
DEBUG:visited:https://www.foxnews.com/category/world/environment
DEBUG:visited:https://www.foxnews.com/category/world/world-religion
DEBUG:visited:https://www.foxnews.com/category/world/scandals
DEBUG:visited:https://www.foxnews.com/category/politics/executive
DEBUG:visited:https://www.foxnews.com/category/politics/senate
DEBUG:visited:https://www.foxnews.com/category/politics/house-of-representatives
DEBUG:visited:https://www.foxnews.com/category/politics/judiciary
DEBUG:visited:https://www.foxnews.com/category/politics/foreign-policy
DEBUG:visited:https://www.foxnews.com/official-polls
DEBUG:visited:https://www.foxnews.com/category/politics/elections
DEBUG:visited:https://www.foxnews.com/category/entertainment/celebrity-news
DEBUG:visited:https://www.foxnews.com/category/entertainment/movies
DEBUG:visited:https://www.foxnews.com/category/entertainment/tv
DEBUG:visited:https://www.foxnews.com/category/entertainment/music
DEBUG:visited:https://www.foxnews.com/category/entertainment/style
DEBUG:visited:https://www.foxnews.com/food-drink
DEBUG:visited:https://www.foxnews.com/auto
DEBUG:visited:https://www.foxnews.com/travel
DEBUG:visited:https://www.foxnews.com/category/real-estate
DEBUG:visited:https://www.foxnews.com/category/fitness-and-wellbeing
DEBUG:visited:https://www.foxnews.com/category/style-and-beauty
DEBUG:visited:https://www.foxnews.com/family
DEBUG:visited:https://www.foxnews.com/category/faith-values/faith
DEBUG:visited:https://www.foxnews.com/science
DEBUG:visited:https://www.foxnews.com/category/science/archaeology
DEBUG:visited:https://www.foxnews.com/category/science/air-and-space
DEBUG:visited:https://www.foxnews.com/category/science/planet-earth
DEBUG:visited:https://www.foxnews.com/category/science/wild-nature
DEBUG:visited:https://www.foxnews.com/category/science/natural-science
DEBUG:visited:https://www.foxnews.com/category/science/archaeology/dinosaurs
DEBUG:visited:https://www.foxnews.com/tech
DEBUG:visited:https://www.foxnews.com/category/tech/topics/security
DEBUG:visited:https://www.foxnews.com/category/tech/topics/innovation
DEBUG:visited:https://www.foxnews.com/category/tech/technologies/drones
DEBUG:visited:https://www.foxnews.com/category/tech/topics/computers
DEBUG:visited:https://www.foxnews.com/category/tech/topics/video-games
DEBUG:visited:https://www.foxnews.com/category/tech/topics/military-tech
DEBUG:visited:https://www.foxnews.com/health
DEBUG:visited:https://www.foxnews.com/category/health/healthy-living
DEBUG:visited:https://www.foxnews.com/category/health/medical-research
DEBUG:visited:https://www.foxnews.com/category/health/mental-health
DEBUG:visited:https://www.foxnews.com/category/health/cancer
DEBUG:visited:https://www.foxnews.com/category/health/heart-health
DEBUG:visited:https://www.foxnews.com/category/health/healthy-living/childrens-health
DEBUG:visited:https://www.foxnews.com/person/personalities
DEBUG:visited:https://www.foxnews.com/contact
DEBUG:visited:https://www.foxnews.com/foxaroundtheworld/
DEBUG:visited:https://www.foxnews.com/compliance
DEBUG:visited:https://www.foxnews.com/go
DEBUG:visited:https://www.foxnews.com/alerts/subscribe
DEBUG:visited:https://www.foxnews.com/newsletter-signup/alerts
DEBUG:visited:https://www.foxnews.com/apps-products
DEBUG:visited:https://www.foxnews.com
DEBUG:visited:https://www.foxnews.com/terms-of-use
DEBUG:visited:https://www.foxnews.com/privacy-policy
DEBUG:visited:https://www.foxnews.com/donotsell
DEBUG:visited:https://www.foxnews.com/closed-captioning
DEBUG:visited:https://www.foxnews.com/category/person/joe-biden
DEBUG:visited:https://www.foxnews.com/person/f/evie-fordham
DEBUG:visited:https://www.foxnews.com/politics/biden-amtrak-story-fact-check-conductor-million-miles.print
DEBUG:visited:https://www.foxnews.com/politics/brian-mast-biden-rolling-to-remember-pentagon-veterans
DEBUG:visited:https://www.foxnews.com/politics/white-house-biden-gaffe-transcript-afghan-president
DEBUG:visited:https://www.foxnews.com/category/world/conflicts/afghanistan
DEBUG:visited:https://www.foxnews.com/politics/desantis-signs-florida-election-bill-fox-friends
DEBUG:visited:https://www.foxnews.com/politics/twitter-suspends-stefanik-communications-director
DEBUG:visited:https://www.foxnews.com/politics/earmarks-pet-projects-government-spending-billions-lawmakers
DEBUG:visited:https://www.foxnews.com/politics/pro-gop-american-action-network-house-democrats-drug-prices
DEBUG:visited:https://www.foxnews.com/newsletters
DEBUG:visited:https://www.foxnews.com/accessibility-statement
DEBUG:visited:https://www.foxnews.com/politics/biden-admins-photos-of-empty-migrant-facility-are-misleading-texas-democrat-says-theyre-just-next-door
DEBUG:visited:https://www.foxnews.com/politics/kamala-harris-no-press-conference-border-crisis
DEBUG:visited:https://www.foxnews.com/politics/ice-deportations-april-biden-guidance-limits-agents
DEBUG:visited:https://www.foxnews.com/us/captain-deadly-san-diego-boat-wreck-illegal-immigrants-charged-federal-court
DEBUG:visited:https://www.foxnews.com/politics/gop-rep-blasts-biden-border-crisis-more-got-aways-than-a-full-penn-state-game
DEBUG:visited:https://www.foxnews.com/media/caitlyn-jenner-to-hannity-on-her-bid-for-california-governor-im-an-outsiderin-a-race-for-solutions
DEBUG:visited:https://www.foxnews.com/media/caitlyn-jenner-tells-hannity-bruce-would-not-have-been-able-to-run-for-governor-i-had-too-many-secrets
DEBUG:visited:https://www.foxnews.com/politics/biden-pushes-big-spending-package-celebrates-amtraks-50th-anniversary
DEBUG:visited:https://www.foxnews.com/entertainment/josh-duggar-wife-anna-installed-porn-detection-software-computer
DEBUG:visited:https://www.foxnews.com/sports/green-bay-restaurant-offers-aaron-rodgers-free-burgers-and-beer-for-life-if-he-stays
DEBUG:visited:https://www.foxnews.com/us/barry-morphew-murder-charge-crimes-proven-without-body
DEBUG:visited:https://www.foxnews.com/politics/house-democrats-statewide-offices-congressional-majority-jeopardy
DEBUG:visited:https://www.foxnews.com/us/georgia-child-jumps-from-school-bus-onto-passing-truck-report
DEBUG:visited:https://www.foxnews.com/opinion/tucker-carlson-how-many-americans-have-died-after-taking-the-covid-vaccine
DEBUG:visited:https://www.foxnews.com/opinion/cia-central-insanity-agency-biden-america-cal-thomas
DEBUG:visited:https://www.foxnews.com/health/india-grim-coronavirus-record-oxygen-demand-jumps
DEBUG:visited:https://www.foxnews.com/sports/michigan-hs-baseball-player-dies-after-freak-accident-at-second-base
DEBUG:visited:https://www.foxnews.com/science/spacex-starship-landing-whats-next
DEBUG:visited:https://www.foxnews.com/entertainment/marilyn-manson-ashley-morgan-smithline-alleged-abuse
DEBUG:visited:https://www.foxnews.com/opinion/biden-global-tax-friedman-rauh
DEBUG:visited:https://www.foxnews.com/sports/rangers-capitals-6-fights-aftermath-tom-wilson-dirty-hit
DEBUG:visited:https://www.foxnews.com/entertainment/youtuber-nikki-phillippi-slammed-euthanizing-aggressive-family-dog
DEBUG:visited:https://www.foxnews.com/auto/nascars-next-generation-cup-series-car-revealed
DEBUG:visited:https://www.foxnews.com/us/new-york-city-attacked-subway-police
DEBUG:visited:https://www.foxnews.com/us/florida-8th-grade-student-says-teacher-deemed-outfit-too-revealing-report
DEBUG:visited:https://www.foxnews.com/health/support-ip-waiver-covid-19-vaccines-snags-remain
DEBUG:visited:https://www.foxnews.com/health/can-covid-19-vaccines-affect-periods
DEBUG:visited:https://www.foxnews.com/us/nj-police-officer-fired-facebook-black-lives-matter-terrorists
DEBUG:visited:https://www.foxnews.com/us/new-hampshire-couple-posts-video-of-amazon-driver-picking-up-american-flag
DEBUG:visited:https://www.foxnews.com/entertainment/actor-chris-clanton-from-the-wire-survives-baltimore-shooting-rips-citys-crime-problem
DEBUG:visited:https://www.foxnews.com/entertainment/meghan-markle-prince-harry-son-archie-birthday-royal-family
DEBUG:visited:https://www.foxnews.com/entertainment/prince-charles-thanks-welsh-guards-participating-prince-philip-funeral
DEBUG:visited:https://www.foxnews.com/politics/cartoons-slideshow
DEBUG:visited:https://www.foxnews.com/politics/blinken-assures-ukraine-during-high-profile-visit
DEBUG:visited:https://www.foxnews.com/media/msnbc-guest-suggests-gop-is-bigger-threat-to-us-than-al-qaeda-usama-bin-laden-the-taliban-combined
DEBUG:visited:https://www.foxnews.com/us/arizona-good-samaritans-talk-about-saving-dps-trooper-from-burning-car-last-month
DEBUG:visited:https://www.foxnews.com/us/this-day-in-history-may-6
DEBUG:visited:https://www.foxnews.com/media/okeefe-confident-about-project-veritas-lawsuit-against-big-media-we-are-going-to-depose-brian-stelter
DEBUG:visited:https://www.foxnews.com/opinion/biden-scott-future-cal-thomas
DEBUG:visited:https://www.foxnews.com/opinion/biden-jim-crow-smear-fact-checkers-tim-graham
DEBUG:visited:https://www.foxnews.com/opinion/joe-concha-wokeness-media-cia-washington-post-recruitment-video-liberal-woke
DEBUG:visited:https://www.foxnews.com/lifestyle/survive-post-cinco-de-mayo-hangover
DEBUG:visited:https://www.foxnews.com/entertainment/george-jung-blow-inspiration-johnny-depp-dead
DEBUG:visited:https://www.foxnews.com/entertainment/the-simpsons-rolling-stone-list-100-best-sitcoms-all-time
DEBUG:visited:https://www.foxnews.com/entertainment/kelly-osbourne-older-sister-aimee-dont-speak
DEBUG:visited:https://www.foxnews.com/entertainment/nick-kamen-madonna-protege-levis-model-dead
DEBUG:visited:https://www.foxnews.com/food-drink/new-jersey-woman-mcdonalds-feces-lawsuit
DEBUG:visited:https://www.foxnews.com/lifestyle/alabama-chick-fil-a-jewelry-store-sign-war
DEBUG:visited:https://www.foxnews.com/auto/uber-electric-car
DEBUG:visited:https://www.foxnews.com/auto/1971-plymouth-hemi-cuda-muscle-millions
DEBUG:visited:https://www.foxnews.com/entertainment/will-smith-shirtless-photo-promises-best-shape-life
DEBUG:visited:https://www.foxnews.com/entertainment/jeopardy-new-host-announcement-coming-soon
DEBUG:visited:https://www.foxnews.com/lifestyle/duck-hatches-egg-woman-bought-grocery-store
DEBUG:visited:https://www.foxnews.com/food-drink/covid-bandit-4600-tip-colorado-restaurant-staff
DEBUG:visited:https://www.foxnews.com/entertainment/storage-wars-star-dan-dotson-finger-bitten-off-dog
DEBUG:visited:https://www.foxnews.com/entertainment/josh-duggar-granted-jail-release-bail-trial-federal-child-pornography-case
DEBUG:visited:https://www.foxnews.com/lifestyle/homeowners-unearth-ice-age-era-skeleton-while-installing-swimming-pool-in-las-vegas-property
DEBUG:visited:https://www.foxnews.com/travel/disney-world-star-wars-hotel-opening-delayed-2022
DEBUG:visited:https://www.foxnews.com/us/dc-mayor-muriel-bowser-considering-allowing-dancing-for-vaccinated-people
DEBUG:visited:https://www.foxnews.com/media/ingraham-leftists-want-us-to-stay-in-covid-crisis-mode-they-want-you-to-be-afraid
DEBUG:visited:https://www.foxnews.com/category/media/fox-news-flash
DEBUG:visited:https://www.foxnews.com/media/former-new-jersey-police-officer-reacts-to-termination-over-post-calling-black-lives-matter-terrorists
DEBUG:visited:https://www.foxnews.com/media/charlie-kirk-orwells-1984-is-the-instruction-manual-for-the-left-theyre-criminalizing-speech
DEBUG:visited:https://www.foxnews.com/media/disabled-farmer-sues-biden-administration-for-racist-land-reform-provision
DEBUG:visited:https://www.foxnews.com/politics.html
DEBUG:visited:https://www.foxnews.com/us.html
DEBUG:visited:https://www.foxnews.com/us/man-barricades-inside-nyc-subway-train
DEBUG:visited:https://www.foxnews.com/us/national-weather-forecast-eastern-us-to-see-below-average-temperatures-this-weekend
DEBUG:visited:https://www.foxnews.com/world.html
DEBUG:visited:https://www.foxnews.com/world/un-chief-reelection-challengers-long-odds
DEBUG:visited:https://www.foxnews.com/world/chinese-communist-party-leveraging-indias-covid-19-surge-to-boost-its-own-image-report
DEBUG:visited:https://www.foxnews.com/world/malian-woman-halima-cisse-expecting-7-babies-gives-birth-to-9
DEBUG:visited:https://www.foxnews.com/world/british-marines-testing-jetpacks-80mph
DEBUG:visited:https://www.foxnews.com/world/iran-releases-chilling-fake-video-showing-us-capitol-blow-up-after-attack
DEBUG:visited:https://www.foxnews.com/us/food-nonprofit-combat-food-insecurity-create-jobs
DEBUG:visited:https://www.foxnews.com/us/louisiana-car-dealership-boss-helps-homeless-man-he-inspired-millions-to-do-the-same
DEBUG:visited:https://www.foxnews.com/us/roselle-park-police-nj-autism-emergency-sensory-tool-kits
DEBUG:visited:https://www.foxnews.com/us/tunnel-towers-helps-family-fallen-nypd-officer-anastasios-tsakos
DEBUG:visited:https://www.foxnews.com/opinion.html
DEBUG:visited:https://www.foxnews.com/opinion/national-day-prayer-nation-needs-allen-west
DEBUG:visited:https://www.foxnews.com/opinion/greg-gutfeld-democrats-dont-care-about-dying-cities-because-they-care-too-much-about-power
DEBUG:visited:https://www.foxnews.com/entertainment/princess-eugenie-reveals-new-photos-august-jack-brooksbank-birthday
DEBUG:visited:https://www.foxnews.com/entertainment/meghan-markle-childrens-book-the-bench-inspired-prince-harry-archie
DEBUG:visited:https://www.foxnews.com/entertainment/bill-melinda-gates-daughter-jennifer-divorce-challenging
DEBUG:visited:https://www.foxnews.com/entertainment.html
DEBUG:visited:https://www.foxnews.com/sports.html
DEBUG:visited:https://www.foxnews.com/sports/bills-gm-brandon-beane-says-consider-cutting-unvaccinated-players
DEBUG:visited:https://www.foxnews.com/sports/walker-returns-from-injury-scores-32-as-celtics-whip-magic
DEBUG:visited:https://www.foxnews.com/category/house-and-home
DEBUG:visited:https://www.foxnews.com/lifestyle/birds-invade-chimneys-california-homes
DEBUG:visited:https://www.foxnews.com/real-estate
DEBUG:visited:https://www.foxnews.com/real-estate/teen-rocks-tiktok-with-tale-of-moving-into-retirement-community
DEBUG:visited:https://www.foxnews.com/real-estate/lone-home-for-sale-on-rhode-island-isle-has-apropos-address-of-0-patience-way-very-special-opportunity
DEBUG:visited:https://www.foxnews.com/lifestyle/couple-discovers-hidden-room-in-new-house-after-only-seeing-property-online
DEBUG:visited:https://www.foxnews.com/entertainment/prince-william-recounts-adorable-birthday-story-about-daughter-princess-charlotte
DEBUG:visited:https://www.foxnews.com/entertainment/tiffany-haddish-might-have-some-kids-after-donating-eggs
DEBUG:visited:https://www.foxnews.com/tech.html
DEBUG:visited:https://www.foxnews.com/media/cnn-brian-stelter-defends-facebook-trump-ban
DEBUG:visited:https://www.foxnews.com/faith-values
DEBUG:visited:https://www.foxnews.com/opinion/keep-praying-hoping-god-not-giving-up-christen-limbaugh-bloom
DEBUG:visited:https://www.foxnews.com/opinion/china-war-uyghur-muslims-christians-david-curry-rushan-abbas
DEBUG:visited:https://www.foxnews.com/opinion/billy-graham-crisis-faith-commitment-god-greg-laurie
DEBUG:visited:https://www.foxnews.com/entertainment/kathy-ireland-entrepreneur-christian-faith
DEBUG:visited:https://www.foxnews.com/auto.html
DEBUG:visited:https://www.foxnews.com/auto/general-motors-autonomous-vehicles-2030
DEBUG:visited:https://www.foxnews.com/auto/last-plymouth-ever-built-auction
DEBUG:visited:https://www.foxnews.com/auto/2021-ford-explorer-timberline
DEBUG:visited:https://www.foxnews.com/travel.html
DEBUG:visited:https://www.foxnews.com/great-outdoors/largest-expansion-hunting-fishing-opportunities-proposed-by-the-u-s-fish-and-wildlife-service
DEBUG:visited:https://www.foxnews.com/great-outdoors
DEBUG:visited:https://www.foxnews.com/entertainment/duck-dynasty-willie-robertson-stand-national-anthem-nfl-players
DEBUG:visited:https://www.foxnews.com/great-outdoors/alabama-night-hunting-coyotes-feral-hogs
DEBUG:visited:https://www.foxnews.com/great-outdoors/mystery-fisherman-rescues-kid-from-drowning-in-new-york-lake
DEBUG:visited:https://www.foxnews.com/food-drink.html
DEBUG:visited:https://www.foxnews.com/us/american-life-italian-drug
DEBUG:visited:https://www.foxnews.com/us/detroit-pizza-man-paints-street-tries-save-dough
DEBUG:visited:https://www.foxnews.com/food-drink/viral-tiktok-hack-keep-food-cold-fresh-during-party
DEBUG:visited:https://www.foxnews.com/category/fitness-and-wellbeing.html
DEBUG:visited:https://www.foxnews.com/travel/gwyneth-paltrow-celebrity-cruises-partnership-back-goop-at-sea
DEBUG:visited:https://www.foxnews.com/lifestyle/woman-accidentally-gets-wronged-coordinates-inked-for-tattoo-of-special-place-painful-realization
DEBUG:visited:https://www.foxnews.com/lifestyle/man-dads-ashes-bowling-ball-perfect-game
DEBUG:visited:https://www.foxnews.com/lifestyle/oscars-2021-swag-bag-205k
DEBUG:visited:https://www.foxnews.com/lifestyle/california-man-walking-from-la-to-san-francisco-in-bear-suit-for-charity
DEBUG:visited:https://www.foxnews.com/category/style-and-beauty.html
DEBUG:visited:https://www.foxnews.com/entertainment/heidi-klum-pregnant-daughter-leni-victorias-secret-fashion-show
DEBUG:visited:https://www.foxnews.com/entertainment/camille-kostek-rob-gronkowski-longtime-girlfriend-launches-swimsuits-for-all-collection
DEBUG:visited:https://www.foxnews.com/food-drink/red-lobster-biscuit-corsage-boutonniere-prom-video
DEBUG:visited:https://www.foxnews.com/entertainment/billie-eilish-lingerie-british-vogue-cover-shoot
DEBUG:visited:https://www.foxnews.com/health.html
DEBUG:visited:https://www.foxnews.com/health/e-coli-sends-6-kids-to-hospital-in-washington-state
DEBUG:visited:https://www.foxnews.com/health/modernas-covid-19-booster-vaccine-promise-against-variants-company-says
DEBUG:visited:https://www.foxnews.com/category/good-news.html
DEBUG:visited:https://www.foxnews.com/us/good-samaritan-infant-crash-maryland
DEBUG:visited:https://www.foxnews.com/us/florida-first-responders-free-woman-daughter-from-mobile-home-crushed-by-large-tree-truly-a-miracle
DEBUG:visited:https://www.foxnews.com/category/us/crime.html
DEBUG:visited:https://www.foxnews.com/us/lapd-officer-suspected-of-possessing-child-porn
DEBUG:visited:https://www.foxnews.com/category/entertainment/genres/crime
DEBUG:visited:https://www.foxnews.com/us/south-carolina-firing-squads-executions
DEBUG:visited:https://www.foxnews.com/category/us/us-regions/southeast/south-carolina
DEBUG:visited:https://www.foxnews.com/us/missing-utah-woman-found-living-in-tent-after-disappearing-from-campsite-in-november
DEBUG:visited:https://www.foxnews.com/category/us/us-regions/west/utah
DEBUG:visited:https://www.foxnews.com/category/us/us-regions/west
DEBUG:visited:https://www.foxnews.com/category/weather
DEBUG:visited:https://www.foxnews.com/category/newsedge/health
DEBUG:visited:https://www.foxnews.com/politics/court-upholds-newsoms-use-of-emergency-powers-during-covid-19-outbreak
DEBUG:visited:https://www.foxnews.com/category/person/gavin-newsom
DEBUG:visited:https://www.foxnews.com/category/us/personal-freedoms/america-together
DEBUG:visited:https://www.foxnews.com/category/food-drink/food/restaurants
DEBUG:visited:https://www.foxnews.com/category/politics
DEBUG:visited:http://www.foxnews.com/category/us/us-regions/midwest
DEBUG:visited:https://www.foxnews.com/category/person/aaron-rodgers
DEBUG:visited:https://www.foxnews.com/category/sports
DEBUG:visited:https://www.foxnews.com/media/far-left-media-watchdog-shields-jennifer-granholm-from-conflict-of-interest-concerns-but-paid-her-retainer
DEBUG:visited:https://www.foxnews.com/category/media
DEBUG:visited:http://www.foxnews.com/category/us/us-regions/southwest
DEBUG:visited:https://www.foxnews.com/category/science
DEBUG:visited:https://www.foxnews.com/category/opinion
DEBUG:visited:https://www.foxnews.com/category/us/us-regions/southwest/arizona
DEBUG:visited:https://www.foxnews.com/politics/arizonas-sinema-says-not-enough-being-done-by-federal-government-at-border
DEBUG:visited:https://www.foxnews.com/category/person/kamala-harris
DEBUG:visited:https://www.foxnews.com/category/us/immigration/border-security
DEBUG:visited:https://www.foxnews.com/politics/trump-doj-bill-barr-obstruction-of-justice-memo-sessions
DEBUG:visited:https://www.foxnews.com/category/us/us-regions/southwest/texas
DEBUG:visited:http://www.foxnews.com/category/us/us-regions/southeast
DEBUG:visited:https://www.foxnews.com/category/politics/voting
DEBUG:visited:https://www.foxnews.com/category/us/us-regions/southeast/georgia
DEBUG:visited:https://www.foxnews.com/category/us/new-york-city
DEBUG:visited:https://www.foxnews.com/category/us/us-regions/southeast/florida
DEBUG:visited:http://www.foxnews.com/category/us/us-regions/northeast
DEBUG:visited:https://www.foxnews.com/category/topic/baltimore-crime-and-corruption
DEBUG:visited:https://www.foxnews.com/us/documentary-series-revisits-2002-washington-sniper-case
DEBUG:visited:https://www.foxnews.com/category/entertainment/genres/documentary
DEBUG:visited:https://www.foxnews.com/us/umass-gender-bias-case-for-male-student-in-sexual-assault-charge-allowed-to-proceed
DEBUG:visited:https://www.foxnews.com/category/us/education/college
DEBUG:visited:https://www.foxnews.com/us/caitlyn-jenner-tells-hannity-shes-ready-to-replace-newsom-as-california-governor
DEBUG:visited:https://www.foxnews.com/category/columns/fox-news-first
DEBUG:visited:https://www.foxnews.com/category/us
DEBUG:visited:https://www.foxnews.com/category/us/los-angeles
DEBUG:visited:https://www.foxnews.com/us/california-authorities-link-suspect-known-as-joker-to-alleged-torching-of-historic-mission
DEBUG:visited:https://www.foxnews.com/category/us/disasters/fires
DEBUG:visited:https://www.foxnews.com/category/us/san-diego
DEBUG:visited:https://www.foxnews.com/category/politics/regulation/health-care
DEBUG:visited:https://www.foxnews.com/politics/liz-cheney-gop-leadership-trump-cult
DEBUG:visited:https://www.foxnews.com/category/person/donald-trump
DEBUG:visited:https://www.foxnews.com/category/tech/companies/twitter
DEBUG:visited:https://www.foxnews.com/category/politics/senate/budget
DEBUG:visited:https://www.foxnews.com/category/columns/fox-news-poll
DEBUG:visited:https://www.foxnews.com/category/world/conflicts/ukraine
DEBUG:visited:https://www.foxnews.com/politics/us-pullout-from-afghanistan-could-leave-17000-interpreters-lives-in-danger
DEBUG:visited:https://www.foxnews.com/media/facebook-ban-remains-but-somehow-trump-is-still-driving-the-news
DEBUG:visited:https://www.foxnews.com/category/columns/media-buzz
DEBUG:visited:https://www.foxnews.com/media/liz-cheney-becomes-lightning-rod-battling-trump-over-whos-lying-about-2020
DEBUG:visited:https://www.foxnews.com/media/buzzkill-why-were-not-beating-and-may-never-fully-conquer-this-virus
DEBUG:visited:https://www.foxnews.com/politics/white-house-social-media-crackdown-misinformation-trump-facebook-ruling
DEBUG:visited:https://www.foxnews.com/media/washington-post-bill-gates-melinda-gates-marriage
DEBUG:visited:https://www.foxnews.com/category/shows/hannity
DEBUG:visited:https://www.foxnews.com/media/networks-avoid-bombshell-report-on-teachers-unions-influencing-cdc-over-guidance-on-schools-reopening
DEBUG:visited:https://www.foxnews.com/media/pete-hegseth-rips-left-for-illiberal-outlook-control-speech-control-words-control-minds
DEBUG:visited:https://www.foxnews.com/media/lara-logan-the-tyrannical-elite-are-using-smart-technology-to-surveil-the-monitored-class
DEBUG:visited:https://www.foxnews.com/us/jimmy-hoffa-buried-georgia-golf-course-mafia-bosses-defense-lawyer
DEBUG:visited:https://www.foxnews.com/media/twitter-to-make-it-more-difficult-for-users-to-send-hateful-tweets
DEBUG:visited:https://www.foxnews.com/media/nyc-dad-pens-scathing-letter-to-elite-school-over-race-focused-curriculum-we-see-the-writing-on-the-wall
DEBUG:visited:https://www.foxnews.com/media/chris-cuomo-brother-of-embattled-gov-andrew-cuomo-says-matt-gaetz-would-be-dead-man-if-he-were-a-democrat
DEBUG:visited:https://www.foxnews.com/media/in-the-valley-of-sin-real-story-behind-fake-sex-ring
DEBUG:visited:https://www.foxnews.com/media/marjorie-taylor-greene-republicans-congress-tucker-carlson-today
DEBUG:visited:https://www.foxnews.com/media/facebook-trump-ban-conservatives-big-tech-censorship-gowdy
DEBUG:visited:https://www.foxnews.com/media/msnbcs-joy-reid-agrees-with-trans-activist-that-caitlyn-jenner-is-a-hypocrite
DEBUG:visited:https://www.foxnews.com/media/surgical-miracle-saved-rep-dan-crenshaws-left-retina
DEBUG:visited:https://www.foxnews.com/opinion/facebook-trump-board-lifetime-ban-jonathan-turley
DEBUG:visited:https://www.foxnews.com/media/noem-media-lies-sturgis-motorcycle-rally-covid
DEBUG:visited:https://www.foxnews.com/media/cnn-chris-cuomo-coronaviruspandemic-vaccine-restaurant-seating-preference-don-lemon
DEBUG:visited:https://www.foxnews.com/media/msnbc-ruhle-flatters-fauci-interview
DEBUG:visited:https://www.foxnews.com/media/cnn-reliable-sources-hits-yearly-low-brian-stelter
DEBUG:visited:https://www.foxnews.com/media/nj-school-nurse-suspended-kids-mask-mandate
DEBUG:visited:https://www.foxnews.com/media/pelosis-hometown-bishop-argues-pro-choice-catholics-should-be-denied-communion
DEBUG:visited:https://www.foxnews.com/media/media-protecting-cuomo-grandma-nursing-homes-democrats-media-coverage-cnn-msnbc
DEBUG:visited:https://www.foxnews.com/media/portland-attorney-slams-left-wing-prosecutors-dismissing-riot-cases
DEBUG:visited:https://www.foxnews.com/media/cnn-gun-firearm-background-checks-sales-school-reopening-france-covid-coronavirus-pandemic
DEBUG:visited:https://www.foxnews.com/media/npr-correspondent-tweet-needs-bulletproof-vest-journalist
DEBUG:visited:https://www.foxnews.com/media/stacey-abrams-romance-novels-reissued
DEBUG:visited:https://www.foxnews.com/opinion/greg-gutfeld-cia-recruitment-video
DEBUG:visited:https://www.foxnews.com/media/l-a-county-sheriff-calls-for-americans-police-to-focus-on-interacting-respectfully-with-each-other
DEBUG:visited:https://www.foxnews.com/opinion/tucker-carlson-is-the-cias-new-wokeness-virtue-signaling-or-an-attempt-to-infiltrate-the-american-left
DEBUG:visited:https://www.foxnews.com/media/cnn-brian-stelter-facebook-trump
DEBUG:visited:https://www.foxnews.com/media/sen-ron-johnson-unequal-application-of-justice-law-by-administration-should-frighten-every-american
DEBUG:visited:https://www.foxnews.com/media/msnbc-joy-reid-critical-race-theory-racist
DEBUG:visited:https://www.foxnews.com/media/new-york-times-editor-says-paper-wasnt-rigorous-enough-in-checking-disproven-giuliani-sources
DEBUG:visited:https://www.foxnews.com/media/alan-dershowitz-without-a-doubt-derek-chauvin-verdict-should-be-vacated
DEBUG:visited:https://www.foxnews.com/media/ingraham-says-liz-cheney-does-not-belong-in-republican-leadership
DEBUG:visited:https://www.foxnews.com/media/pete-hegseth-dems-decimate-america-in-push-to-shatter-ceilings
DEBUG:visited:https://www.foxnews.com/media/va-gubernatorial-candidate-glenn-youngkin-lays-out-campaign-plan-saying-virginians-are-ready-for-a-change
DEBUG:visited:https://www.foxnews.com/media/uk-columnist-questions-whether-meghan-markle-got-to-cnn-after-fact-check-disappears
DEBUG:visited:https://www.foxnews.com/media/politifact-has-done-only-13-fact-checks-on-biden-in-first-100-days-106-others-defending-him-study-says
DEBUG:visited:https://www.foxnews.com/media/glenn-greenwald-the-intercept-gab-users
DEBUG:visited:https://www.foxnews.com/world/south-african-driver-calm-gunfire-video
DEBUG:visited:https://www.foxnews.com/media/cia-pushes-back-against-critics-attacking-new-recruitment-ad
DEBUG:visited:https://www.foxnews.com/media/mark-levin-joe-biden-two-bit-street-politician-has-no-intention-unifying-america
DEBUG:visited:https://www.foxnews.com/media/nbc-nightly-news-omits-juror-controversy-while-reporting-on-chauvin-defense-lawyers-motion-for-new-trial
DEBUG:visited:https://www.foxnews.com/media/caitlyn-jenner-tammy-bruce-trans-men-girls-sports
DEBUG:visited:https://www.foxnews.com/media/jordan-peterson-asks-tucker-carlson-do-you-want-the-truth-on-your-side-or-do-you-want-to-hide-behind-falseho
DEBUG:visited:https://www.foxnews.com/media/tax-foundation-president-warns-biden-tax-bill-would-do-serious-economic-lead-to-fewer-jobs-less-investment
DEBUG:visited:https://www.foxnews.com/media/fox-news-dominates-basic-cable-as-struggling-new-day-continues-to-drag-down-cnn
DEBUG:visited:https://www.foxnews.com/media/cnn-jake-tapper-republicans-liz-cheney
DEBUG:visited:https://www.foxnews.com/politics/texas-ag-ken-paxton-denies-critique-of-gov-abbott-fake-news-new-york-times-strikes-again
DEBUG:visited:https://www.foxnews.com/media/yamiche-alcindor-new-host-pbs-washington-week-despite-acting-activist
DEBUG:visited:https://www.foxnews.com/media/hunter-biden-penning-sequel-book-bombed-sales
DEBUG:visited:https://www.foxnews.com/media/meghan-mccain-the-british-royal-family-is-an-old-archaic-and-deeply-irrelevant-monarchy
DEBUG:visited:https://www.foxnews.com/media/anderson-coopers-jeopardy-debut-flops-draws-lowest-guest-host-ratings-in-shows-history
DEBUG:visited:https://www.foxnews.com/media/new-york-times-executive-editor-dean-baquet-rudy-giuliani-retraction-sources-fbi-briefing-russian-disinformation
DEBUG:visited:https://www.foxnews.com/media/msnbc-nicolle-wallace-rudy-giuliani-fbi-briefing-lie-russian-disinformation-correction-glenn-greenwald
DEBUG:visited:https://www.foxnews.com/us/california-teacher-slams-corrupt-unions-colluding-cdc
DEBUG:visited:https://www.foxnews.com/media/officer-viral-tiktok-message-kelvin-dingle-defending-police
DEBUG:visited:https://www.foxnews.com/media/social-media-explodes-over-woke-cia-recruitment-video-we-are-such-an-embarrassing-country-under-biden
DEBUG:visited:https://www.foxnews.com/us/texas-school-board-anti-woke-candidates-win-hannah-smith
DEBUG:visited:https://www.foxnews.com/media/leo-terrell-critical-race-theory-schools-education
DEBUG:visited:https://www.foxnews.com/media/cnn-called-out-trump-vaccine-efforts-biden
DEBUG:visited:https://www.foxnews.com/media/don-lemon-rick-santorum-chris-cuomo-native-american-lives-matter-european-founding-republican-party
DEBUG:visited:https://www.foxnews.com/media/cia-woke-recruitment-video-propaganda-bryan-dean-wright
DEBUG:visited:https://www.foxnews.com/media/video-shows-driver-calling-officer-a-murderer-in-racist-attack-during-traffic-stop-youll-never-be-white
DEBUG:visited:https://www.foxnews.com/media/rudy-giuliani-says-fbi-investigation-always-driven-to-target-donald-trump
DEBUG:visited:https://www.foxnews.com/opinion/greg-gutfeld-many-americans-are-experiencing-mass-delusion
DEBUG:visited:https://www.foxnews.com/opinion/facebook-trump-big-tech-censorship-fix-sen-bill-hagerty
DEBUG:visited:https://www.foxnews.com/opinion/teachers-classroom-rnc-chairwoman-mcdaniel
DEBUG:visited:https://www.foxnews.com/opinion/cultural-challenge-defeat-anti-american-indoctrination-dr-ben-carson-gov-kristi-noem
DEBUG:visited:https://www.foxnews.com/opinion/biden-flip-flops-racism-prompted-new-message-liz-peek
DEBUG:visited:https://www.foxnews.com/opinion/tim-scott-speech-biden-democrats-learn-senator-michael-goodwin
DEBUG:visited:https://www.foxnews.com/opinion/biden-jim-crow-democrats-wrong-race-deroy-murdock
DEBUG:visited:https://www.foxnews.com/opinion/america-contemporary-university-victor-davis-hanson
DEBUG:visited:https://www.foxnews.com/category/entertainment/events/in-court
DEBUG:visited:https://www.foxnews.com/category/world/personalities/british-royals
DEBUG:visited:https://www.foxnews.com/entertainment/west-side-story-star-george-chakiris-addresses-rumors-elvis-presley-wanted-to-appear-in-the-musical
DEBUG:visited:https://www.foxnews.com/category/entertainment/features/exclusive
DEBUG:visited:https://www.foxnews.com/category/entertainment/events/departed
DEBUG:visited:https://www.foxnews.com/category/entertainment/genres/pets
DEBUG:visited:https://www.foxnews.com/category/world/personalities/will
DEBUG:visited:https://www.foxnews.com/entertainment/rj-mitte-movies-include-disable-actors-hollywood
DEBUG:visited:https://www.foxnews.com/entertainment/extreme-sisters-brooke-baylee-defend-sharing-bed-underwear-razors-not-crazy
DEBUG:visited:https://www.foxnews.com/entertainment/lady-gaga-family-relieved-arrest-dogs-home-happy-dad
DEBUG:visited:https://www.foxnews.com/category/person/lady-gaga
DEBUG:visited:https://www.foxnews.com/category/entertainment/genres/sitcom
DEBUG:visited:https://www.foxnews.com/entertainment/son-of-sam-david-berkowitz-last-victim-netflix-documentary
DEBUG:visited:https://www.foxnews.com/category/organization/netflix
DEBUG:visited:https://www.foxnews.com/entertainment/harvey-weinstein-sues-attorney-jose-baez-dropped-new-york-criminal-case
DEBUG:visited:https://www.foxnews.com/category/person/harvey-weinstein
DEBUG:visited:https://www.foxnews.com/entertainment/jennifer-lopez-friends-ben-affleck-reconciliation-rumors
DEBUG:visited:https://www.foxnews.com/category/person/jennifer-lopez
DEBUG:visited:https://www.foxnews.com/entertainment/bill-gates-fist-pumped-party-sundance-film-festival
DEBUG:visited:https://www.foxnews.com/category/entertainment/events/divorce
DEBUG:visited:https://www.foxnews.com/category/entertainment/genres/then-and-now
DEBUG:visited:https://www.foxnews.com/category/person/heidi-klum
DEBUG:visited:https://www.foxnews.com/entertainment/the-monkees-farewell-tour-dates-surviving-members
DEBUG:visited:https://www.foxnews.com/entertainment/dolly-parton-sally-field-honor-steel-magnolias-olympia-dukakis
DEBUG:visited:https://www.foxnews.com/category/sports/nhl
DEBUG:visited:https://www.foxnews.com/sports/rangers-fire-team-president-john-davidson-gm-jeff-gorton
DEBUG:visited:https://www.foxnews.com/sports/aaron-rodgers-refers-packers-gm-as-jerry-krause-texts-teammates-report
DEBUG:visited:https://www.foxnews.com/category/sports/nfl/green-bay-packers
DEBUG:visited:https://www.foxnews.com/sports/shaquille-oneal-picks-gigantic-booger-on-air-during-nba-on-tnt
DEBUG:visited:https://www.foxnews.com/category/sports/nba
DEBUG:visited:https://www.foxnews.com/sports/cowboys-dak-prescott-rehab-update-play-game-right-now
DEBUG:visited:https://www.foxnews.com/category/sports/nfl/dallas-cowboys
DEBUG:visited:https://www.foxnews.com/sports/nba-player-jay-williams-lebron-james-never-heard-mj-say-that
DEBUG:visited:https://www.foxnews.com/category/sports/nfl/buffalo-bills
DEBUG:visited:https://www.foxnews.com/sports/eli-mannings-perfect-one-word-response-to-tom-bradys-super-bowl-regret
DEBUG:visited:https://www.foxnews.com/category/sports/nfl
DEBUG:visited:https://www.foxnews.com/sports/bucks-rally-in-4th-to-beat-nets-124-118-clinch-playoff-spot
DEBUG:visited:https://www.foxnews.com/sports/clippers-rally-to-beat-raptors-105-100-end-3-game-skid
DEBUG:visited:https://www.foxnews.com/sports/ex-unc-coach-allowed-to-still-drive-after-fatal-crash
DEBUG:visited:https://www.foxnews.com/category/sports/ncaa
DEBUG:visited:https://www.foxnews.com/sports/kim-mulkey-leaves-baylor-takes-over-as-lsu-coach
DEBUG:visited:https://www.foxnews.com/category/sports/ncaa/lsu-tigers
DEBUG:visited:https://www.foxnews.com/sports/charles-barkley-georgia-bulldogs-named-mascot-women
DEBUG:visited:https://www.foxnews.com/sports/kentucky-terrence-clarke-dies-car-accident-days-signing-nba-agent
DEBUG:visited:https://www.foxnews.com/category/sports/nba-draft
DEBUG:visited:https://www.foxnews.com/sports/college-sports-already-adapting-to-new-ncaa-transfer-rules
DEBUG:visited:https://www.foxnews.com/category/sports/nhl/new-york-rangers
DEBUG:visited:https://www.foxnews.com/sports/mcdavid-focused-nhl-playoffs-not-100-points-in-56-games
DEBUG:visited:https://www.foxnews.com/category/sports/nhl/edmonton-oilers
DEBUG:visited:https://www.foxnews.com/sports/rangers-nhl-tom-wilson-verdict-unfit-current-role
DEBUG:visited:https://www.foxnews.com/sports/crosby-scores-2-goals-as-pens-surge-past-flyers-7-3
DEBUG:visited:https://www.foxnews.com/sports/la-russas-extra-inning-gaffe-stings-white-sox-in-loss
DEBUG:visited:https://www.foxnews.com/category/sports/mlb
DEBUG:visited:https://www.foxnews.com/sports/dejong-goldschmidt-lead-cards-over-mets-4-1-in-opener
DEBUG:visited:https://www.foxnews.com/sports/gray-stays-perfect-at-home-rockies-beat-giants-6-5
DEBUG:visited:https://www.foxnews.com/sports/os-means-throws-mlbs-3rd-no-hitter-of-season-tops-ms-6-0
DEBUG:visited:https://www.foxnews.com/sports/votto-breaks-thumb-as-reds-beat-white-sox-1-0-in-10-innings
DEBUG:visited:https://www.foxnews.com/sports/ufc-colby-covington-jake-paul-boxing
DEBUG:visited:https://www.foxnews.com/category/sports/ufc
DEBUG:visited:https://www.foxnews.com/sports/ufcs-chris-weidman-celebrated-anderson-silva-leg-snap-injury
DEBUG:visited:https://www.foxnews.com/sports/ufc-daniel-cormier-fight-jake-paul-condition
DEBUG:visited:https://www.foxnews.com/media/hannity-woke-far-left-politics-infiltrate-sports-and-enertainment
DEBUG:visited:https://www.foxnews.com/politics/ufcs-dana-white-rips-woke-professional-sports-if-you-want-to-listen-to-that-stuff-change-the-channel
DEBUG:visited:https://www.foxnews.com/sports/ncaa-aims-for-less-contact-in-preseason-football-practice
DEBUG:visited:https://www.foxnews.com/sports/central-michigans-john-keller-praised-as-hero-in-apartment-shooting-suspect-arrested
DEBUG:visited:https://www.foxnews.com/category/sports/ncaa/central-michigan-chippewas
DEBUG:visited:https://www.foxnews.com/sports/kansas-hires-buffalos-lance-leipold-as-football-coach
DEBUG:visited:https://www.foxnews.com/category/sports/ncaa/kansas-jayhawks
DEBUG:visited:https://www.foxnews.com/sports/college-football-coach-firing-stacey-abrams-first-amemdment-rights-lawsuit
DEBUG:visited:https://www.foxnews.com/category/sports/ncaa/chattanooga-mocs
DEBUG:visited:https://www.foxnews.com/sports/auburn-tommy-tuberville-advice-nfl-draft-prospects
DEBUG:visited:https://www.foxnews.com/category/sports/nfl-draft
DEBUG:visited:https://www.foxnews.com/category/food-drink/food/fast-food
DEBUG:visited:https://www.foxnews.com/category/food-drink/recipes/meals/party-food
DEBUG:visited:https://www.foxnews.com/category/food-drink/food
DEBUG:visited:https://www.foxnews.com/category/auto/make/general-motors
DEBUG:visited:https://www.foxnews.com/us/missing-california-moms-family-still-searching-after-four-months
DEBUG:visited:https://www.foxnews.com/category/us/us-regions/west/california
DEBUG:visited:https://www.foxnews.com/category/us/crime/homicide
DEBUG:visited:https://www.foxnews.com/category/great-outdoors/hunting
DEBUG:visited:https://www.foxnews.com/category/politics/defense/pentagon
DEBUG:visited:https://www.foxnews.com/entertainment/piers-morgan-slams-consent-criticism-snow-white-ride-disneyland
DEBUG:visited:https://www.foxnews.com/category/topic/cancel-culture
DEBUG:visited:https://www.foxnews.com/category/us/detroit
DEBUG:visited:https://www.foxnews.com/us/st-louis-attorney-kim-gardner-greitens-discipline-ethics-hearing
DEBUG:visited:https://www.foxnews.com/category/travel/vacation-destinations/st-louis
DEBUG:visited:https://www.foxnews.com/travel/boy-with-autism-denied-flight-home-after-child-could-not-wear-face-mask
DEBUG:visited:https://www.foxnews.com/category/travel/general/airlines
DEBUG:visited:https://www.foxnews.com/category/auto/nascar
DEBUG:visited:https://www.foxnews.com/category/auto/attributes/collector-cars
DEBUG:visited:https://www.foxnews.com/health/coronavirus-in-us-state-by-state-breakdown
DEBUG:visited:https://www.foxnews.com/sports/cornells-bipoc-only-rock-climbing-course-opened-to-white-students-after-racism-claims
DEBUG:visited:https://www.foxnews.com/category/travel/general/cruises
DEBUG:visited:https://www.foxnews.com/category/person/camille-kostek
DEBUG:visited:https://www.foxnews.com/category/lifestyle/real-estate
DEBUG:visited:https://www.foxnews.com/politics/judge-kushners-apartment-company-violated-consumer-laws
DEBUG:visited:https://www.foxnews.com/category/great-outdoors
DEBUG:visited:https://www.foxnews.com/fnctv
DEBUG:visited:https://www.foxnews.com/shows/special-report
DEBUG:visited:https://www.foxnews.com/category/shows/special-report/transcript
DEBUG:visited:https://www.foxnews.com/shows/fox-news-primetime
DEBUG:visited:https://www.foxnews.com/shows/tucker-carlson-tonight
DEBUG:visited:https://www.foxnews.com/shows/hannity
DEBUG:visited:https://www.foxnews.com/category/shows/hannity/transcript
DEBUG:visited:https://www.foxnews.com/shows/ingraham-angle
DEBUG:visited:https://www.foxnews.com/category/shows/ingraham-angle/transcript
DEBUG:visited:https://www.foxnews.com/shows/gutfeld
DEBUG:visited:https://www.foxnews.com/shows/fox-news-night
DEBUG:visited:https://www.foxnews.com/shows/fox-friends-first
DEBUG:visited:https://www.foxnews.com/shows/fox-and-friends
DEBUG:visited:https://www.foxnews.com/category/columns/fox-friends-blog
DEBUG:visited:https://www.foxnews.com/category/shows/fox-friends/fox-and-friends-recipes
DEBUG:visited:https://www.foxnews.com/category/shows/fox-friends/as-seen-on
DEBUG:visited:https://www.foxnews.com/category/shows/fox-friends/all-american-summer-concert-series
DEBUG:visited:https://www.foxnews.com/shows/americas-newsroom
DEBUG:visited:https://www.foxnews.com/shows/the-faulkner-focus
DEBUG:visited:https://www.foxnews.com/shows/outnumbered
DEBUG:visited:https://www.foxnews.com/shows/america-reports
DEBUG:visited:https://www.foxnews.com/shows/the-story
DEBUG:visited:https://www.foxnews.com/shows/your-world-cavuto
DEBUG:visited:https://www.foxnews.com/category/shows/your-world-cavuto/interviews
DEBUG:visited:https://www.foxnews.com/category/shows/your-world-cavuto/common-sense
DEBUG:visited:https://www.foxnews.com/shows/the-five
DEBUG:visited:https://www.foxnews.com/category/shows/the-five/transcript
DEBUG:visited:https://www.foxnews.com/shows/cavuto-live
DEBUG:visited:https://www.foxnews.com/shows/fox-news-live
DEBUG:visited:https://www.foxnews.com/shows/journal-editorial-report
DEBUG:visited:https://www.foxnews.com/category/shows/journal-editorial-report/transcript
DEBUG:visited:https://www.foxnews.com/shows/fox-report-weekend
DEBUG:visited:https://www.foxnews.com/shows/watters-world
DEBUG:visited:https://www.foxnews.com/category/shows/watters-world/watters-world-transcript
DEBUG:visited:https://www.foxnews.com/shows/justice-jeanine
DEBUG:visited:https://www.foxnews.com/category/shows/justice-with-judge-jeanine/justice-with-judge-jeanine-transcript
DEBUG:visited:https://www.foxnews.com/shows/sunday-morning-futures
DEBUG:visited:https://www.foxnews.com/category/shows/sunday-morning-futures/transcript
DEBUG:visited:https://www.foxnews.com/shows/media-buzz
DEBUG:visited:https://www.foxnews.com/category/shows/media-buzz/transcript
DEBUG:visited:https://www.foxnews.com/shows/fox-news-sunday
DEBUG:visited:https://www.foxnews.com/category/shows/fox-news-sunday/transcript
DEBUG:visited:https://www.foxnews.com/shows/legends-lies
DEBUG:visited:https://www.foxnews.com/shows/next-revolution-steve-hilton
DEBUG:visited:https://www.foxnews.com/shows/life-liberty-levin
DEBUG:visited:https://www.foxnews.com/category/shows/life-liberty-levin/life-liberty-levin-transcript
DEBUG:visited:https://www.foxnews.com/shows/scandalous
DEBUG:visited:https://www.foxnews.com/shows/property-man
DEBUG:visited:https://www.foxnews.com/shows/fox-files
DEBUG:visited:https://www.foxnews.com/shows/geraldo-rivera-reports
DEBUG:visited:https://www.foxnews.com/shows/war-stories
DEBUG:visited:https://www.foxnews.com/category/fox-nation
DEBUG:visited:https://www.foxnews.com/media/father-who-killed-wife-propped-her-up-on-sofa-with-sunglasses-told-kids-mommys-drunk
DEBUG:visited:https://www.foxnews.com/person/h/abby-hornacek
DEBUG:visited:https://www.foxnews.com/person/m/george-tyrus-murdoch
DEBUG:visited:https://www.foxnews.com/person/l/tomi-lahren
DEBUG:visited:https://www.foxnews.com/category/topic/coronavirus-how-to-help
DEBUG:visited:https://www.foxnews.com/health/fauci-us-may-not-need-astrazeneca-covid-19-vaccine
DEBUG:visited:https://www.foxnews.com/category/topic/coronavirus-ask-an-expert
DEBUG:visited:https://www.foxnews.com/entertainment/ratatouille-tiktok-musical-raises-over-1-million
DEBUG:visited:https://www.foxnews.com/category/entertainment/media
DEBUG:visited:https://www.foxnews.com/us/miami-stumbles-behind-florida-in-economic-reopening
DEBUG:visited:https://www.foxnews.com/media/food-pantries-feel-the-growing-burden-as-unemployment-skyrockets
DEBUG:visited:https://www.foxnews.com/us/dental-hygienist-on-trial-in-1984-killing-of-a-navy-recruit
DEBUG:visited:https://www.foxnews.com/media/robert-gates-confirms-biden-did-not-support-immediate-action-on-bin-laden
DEBUG:visited:https://www.foxnews.com/us/us-marine-first-wrestler-olympics-since-1992
DEBUG:visited:https://www.foxnews.com/category/us/military/marines
DEBUG:visited:https://www.foxnews.com/us/us-air-force-member-stationed-in-missouri-apparently-drowns-off-texas-coast-report
DEBUG:visited:https://www.foxnews.com/category/us/military/air-force
DEBUG:visited:https://www.foxnews.com/us/virginia-social-emotional-race
DEBUG:visited:https://www.foxnews.com/category/us/us-regions/southeast/virginia
DEBUG:visited:https://www.foxnews.com/us/taser-maker-axon-mental-health-program-law-enforcement-officers
DEBUG:visited:https://www.foxnews.com/category/us/crime/police-and-law-enforcement
DEBUG:visited:https://www.foxnews.com/politics/navy-seals-killed-bin-laden-biden-against-mission
DEBUG:visited:https://www.foxnews.com/us/navy-seal-killed-bin-laden-closure-9-11-victims
DEBUG:visited:https://www.foxnews.com/category/special/man-who-killed-bin-laden
DEBUG:visited:https://www.foxnews.com/us/historic-9-11-coast-guard-ship-sold-indonesia
DEBUG:visited:https://www.foxnews.com/opinion/biden-afghanistan-withdrawal-veteran-supports-decision-rep-chris-stewart
DEBUG:visited:https://www.foxnews.com/us/san-diego-county-free-legal-defense-program-illegal-immigrants-facing-deportation
DEBUG:visited:https://www.foxnews.com/category/us/immigration/illegal-immigrants
DEBUG:visited:https://www.foxnews.com/politics/grassley-dhs-judiciary-committee-lawmakers
DEBUG:visited:https://www.foxnews.com/us/border-patrol-k-9-team-finds-67-lbs-of-meth-at-immigration-checkpoint
DEBUG:visited:https://www.foxnews.com/politics/house-republicans-cdc-relationship-teachers-unions
DEBUG:visited:https://www.foxnews.com/category/topic/fox-news-flash
DEBUG:visited:https://www.foxnews.com/us/mark-mccloskey-praises-armed-louisville-diner
DEBUG:visited:https://www.foxnews.com/category/us/personal-freedoms/second-amendment
DEBUG:visited:https://www.foxnews.com/auto/dale-earnhardt-jr-returning-to-racing-in-9-11-tribute-car
DEBUG:visited:https://www.foxnews.com/category/us/personal-freedoms/proud-american
DEBUG:visited:https://www.foxnews.com/politics/jon-stewart-burn-pit-exposure-veterans-washington-bill
DEBUG:visited:https://www.foxnews.com/category/us/military/military-families
DEBUG:visited:https://www.foxnews.com/media/media-hypes-right-wing-inauguration-day-violence-that-never-panned-out-largely-avoids-left-wing-violence
DEBUG:visited:https://www.foxnews.com/politics/us-military-service-members-likely-pay-double-fica-taxes-deferment-payback
DEBUG:visited:https://www.foxnews.com/politics/georgia-election-investigation-groups-what-we-know
DEBUG:visited:https://www.foxnews.com/category/politics/2020-senate-races
DEBUG:visited:https://www.foxnews.com/us/jennifer-kesse-disappearance-police-photos-violent-struggle-suggested
DEBUG:visited:https://www.foxnews.com/politics/trump-biden-have-opposing-views-on-record-gdp-numbers
DEBUG:visited:https://www.foxnews.com/tech/facebook-twitter-google-senate-social-dilemma
DEBUG:visited:https://www.foxnews.com/category/tech/technologies
DEBUG:visited:https://www.foxnews.com/politics/usps-put-to-the-test-by-fox-news-ahead-of-2020-election
DEBUG:visited:https://www.foxnews.com/politics/voter-data-available-on-dark-web-cybersecurity-experts
DEBUG:visited:https://www.foxnews.com/category/politics/2020-presidential-election
DEBUG:visited:https://www.foxnews.com/politics/ohio-coronavirus-closures-dewine-split
DEBUG:visited:https://www.foxnews.com/category/world/world-regions/china
DEBUG:visited:https://www.foxnews.com/world/mexico-city-rail-overpass-collapses-killing-13-and-injuring-70
DEBUG:visited:https://www.foxnews.com/category/world/world-regions/location-mexico
DEBUG:visited:https://www.foxnews.com/category/world/south-africa
DEBUG:visited:https://www.foxnews.com/world/iran-nuclear-weapons-technology-weapons-mass-destruction
DEBUG:visited:https://www.foxnews.com/category/world/conflicts/iran
DEBUG:visited:https://www.foxnews.com/world/iranian-foreign-minister-apologizes-leaked-john-kerry-comments
DEBUG:visited:https://www.foxnews.com/world/us-denies-report-iran-prisoner-swap-7-billion
DEBUG:visited:https://www.foxnews.com/sports/arsenals-25-year-run-in-european-competition-on-the-line
DEBUG:visited:https://www.foxnews.com/category/sports/soccer
DEBUG:visited:https://www.foxnews.com/us/german-man-chief-suspect-madeleine-mccann-case-investigated-2004-rape-irish-woman
DEBUG:visited:https://www.foxnews.com/category/world/world-regions/europe
DEBUG:visited:https://www.foxnews.com/world/black-candidate-challenges-political-status-quo-in-spain
DEBUG:visited:https://www.foxnews.com/category/world/world-regions/spain
DEBUG:visited:https://www.foxnews.com/media/kamala-harris-border-visit-blames-covid-troy-nehls
DEBUG:visited:https://www.foxnews.com/us/ecuador-girls-dropped-over-us-mexico-border-wall-are-finally-reunited-with-their-family
DEBUG:visited:https://www.foxnews.com/world/drug-runners-cat-caught-trying-to-sneak-narcotics-into-panama-prison
DEBUG:visited:https://www.foxnews.com/category/world/global-economy/crime
DEBUG:visited:https://www.foxnews.com/politics/rachel-campos-duffy-drugs-cartel-members-and-gangs-coming-across-the-border
DEBUG:visited:https://www.foxnews.com/category/world/world-regions/africa
DEBUG:visited:https://www.foxnews.com/world/north-korean-defector-runs-election-britain-make-political-history
DEBUG:visited:https://www.foxnews.com/category/world/conflicts/north-korea
